<?xml version="1.0" encoding="UTF-8" ?>
<testsuite tests="10" failures="0" name="cucumber.options.TestRunner" time="21.329" errors="0" skipped="0">
  <properties>
[...]
</properties>
  <testcase classname="Create Booking API:" name="The purpose of this test case is to verify the create booking API functionality." time="10.609"/>
  <testcase classname="Get Book Details By Booking ID:" name="The purpose of this test case is to verify the get book details by valid book Id." time="1.363"/>
  <testcase classname="Get Book Details By Booking ID:" name="The purpose of this test case is to verify the get book details by invalid book Id." time="1.19"/>
  <testcase classname="Create Auth token API:" name="The purpose of this test case is to verify login API functionality with a valid username &amp; password." time="1.153"/>
  <testcase classname="Create Auth token API:" name="The purpose of this test case is to verify login API functionality with a invalid username &amp; password." time="1.194"/>
  <testcase classname="Create Auth token API:" name="The purpose of this test case is to verify login API functionality with a valid username &amp; invalid password." time="1.209"/>
  <testcase classname="Create Auth token API:" name="The purpose of this test case is to verify login API functionality with a invalid username &amp; valid password." time="1.182"/>
  <testcase classname="Create Auth token API:" name="The purpose of this testcase is to verify the login API functionality, while user set blank value for username and password field." time="1.103"/>
  <testcase classname="Create Auth token API:" name="The purpose of this testcase is to verify the login API functionality, while user set valid value for username and blank value password field." time="1.136"/>
  <testcase classname="Create Auth token API:" name="The purpose of this testcase is to verify the login API functionality, while user set blank value for username and valid value for password field." time="1.19"/>
</testsuite>